<?xml version="1.0" encoding="UTF-8"?>
<!-- Generated by org.testng.reporters.JUnitXMLReporter -->
<testsuite ignored="0" hostname="abzal" failures="0" tests="3" name="Test2" time="14.06" errors="0" timestamp="2023-07-13T08:02:31 IST">
  <testcase classname="Tests.BookTicket" name="SelectDateOfFlight" time="0.541"/>
  <testcase classname="Tests.BookTicket" name="EnterDetailsOfPassenger" time="0.262"/>
  <testcase classname="Tests.BookTicket" name="CheckTicketBookedOrNot" time="6.83"/>
</testsuite> <!-- Test2 -->
