<?xml version="1.0" encoding="UTF-8"?>
<!-- Generated by org.testng.reporters.JUnitXMLReporter -->
<testsuite ignored="0" hostname="abzal" failures="0" tests="5" name="Test" time="34.58" errors="0" timestamp="2023-07-13T08:03:51 IST">
  <testcase classname="Tests.RegisterAccountTest" name="registerAccount" time="1.766"/>
  <testcase classname="Tests.LoginAccount" name="loginResgisterdAccount" time="8.632"/>
  <testcase classname="Tests.BookTicket" name="SelectDateOfFlight" time="0.772"/>
  <testcase classname="Tests.BookTicket" name="EnterDetailsOfPassenger" time="0.321"/>
  <testcase classname="Tests.BookTicket" name="CheckTicketBookedOrNot" time="6.805"/>
</testsuite> <!-- Test -->
