<?xml version="1.0" encoding="UTF-8"?>
<testng-results ignored="0" total="5" passed="5" failed="0" skipped="0">
  <reporter-output>
  </reporter-output>
  <suite started-at="2023-07-13T08:03:15 IST" name="Suite" finished-at="2023-07-13T08:03:50 IST" duration-ms="34580">
    <groups>
    </groups>
    <test started-at="2023-07-13T08:03:15 IST" name="Test" finished-at="2023-07-13T08:03:50 IST" duration-ms="34580">
      <class name="Tests.LoginAccount">
        <test-method is-config="true" signature="setup()[pri:0, instance:Tests.LoginAccount@3b0fe47a]" started-at="2023-07-13T08:03:22 IST" name="setup" finished-at="2023-07-13T08:03:25 IST" duration-ms="2686" status="PASS">
          <reporter-output>
          </reporter-output>
        </test-method> <!-- setup -->
        <test-method signature="loginResgisterdAccount()[pri:0, instance:Tests.LoginAccount@3b0fe47a]" started-at="2023-07-13T08:03:25 IST" name="loginResgisterdAccount" finished-at="2023-07-13T08:03:34 IST" duration-ms="8632" status="PASS">
          <reporter-output>
          </reporter-output>
        </test-method> <!-- loginResgisterdAccount -->
        <test-method is-config="true" signature="teardown()[pri:0, instance:Tests.LoginAccount@3b0fe47a]" started-at="2023-07-13T08:03:34 IST" name="teardown" finished-at="2023-07-13T08:03:34 IST" duration-ms="268" status="PASS">
          <reporter-output>
          </reporter-output>
        </test-method> <!-- teardown -->
      </class> <!-- Tests.LoginAccount -->
      <class name="Tests.RegisterAccountTest">
        <test-method is-config="true" signature="setup()[pri:0, instance:Tests.RegisterAccountTest@5d0bf09b]" started-at="2023-07-13T08:03:15 IST" name="setup" finished-at="2023-07-13T08:03:20 IST" duration-ms="5184" status="PASS">
          <reporter-output>
          </reporter-output>
        </test-method> <!-- setup -->
        <test-method signature="registerAccount()[pri:0, instance:Tests.RegisterAccountTest@5d0bf09b]" started-at="2023-07-13T08:03:20 IST" name="registerAccount" finished-at="2023-07-13T08:03:22 IST" duration-ms="1766" status="PASS">
          <reporter-output>
          </reporter-output>
        </test-method> <!-- registerAccount -->
        <test-method is-config="true" signature="teardown()[pri:0, instance:Tests.RegisterAccountTest@5d0bf09b]" started-at="2023-07-13T08:03:22 IST" name="teardown" finished-at="2023-07-13T08:03:22 IST" duration-ms="178" status="PASS">
          <reporter-output>
          </reporter-output>
        </test-method> <!-- teardown -->
      </class> <!-- Tests.RegisterAccountTest -->
      <class name="Tests.BookTicket">
        <test-method is-config="true" signature="setup()[pri:0, instance:Tests.BookTicket@202b0582]" started-at="2023-07-13T08:03:34 IST" name="setup" finished-at="2023-07-13T08:03:41 IST" duration-ms="7261" status="PASS">
          <reporter-output>
          </reporter-output>
        </test-method> <!-- setup -->
        <test-method signature="SelectDateOfFlight()[pri:0, instance:Tests.BookTicket@202b0582]" started-at="2023-07-13T08:03:41 IST" name="SelectDateOfFlight" finished-at="2023-07-13T08:03:42 IST" duration-ms="772" status="PASS">
          <reporter-output>
          </reporter-output>
        </test-method> <!-- SelectDateOfFlight -->
        <test-method signature="EnterDetailsOfPassenger()[pri:3, instance:Tests.BookTicket@202b0582]" started-at="2023-07-13T08:03:42 IST" name="EnterDetailsOfPassenger" finished-at="2023-07-13T08:03:42 IST" duration-ms="321" status="PASS">
          <reporter-output>
          </reporter-output>
        </test-method> <!-- EnterDetailsOfPassenger -->
        <test-method signature="CheckTicketBookedOrNot()[pri:4, instance:Tests.BookTicket@202b0582]" started-at="2023-07-13T08:03:42 IST" name="CheckTicketBookedOrNot" finished-at="2023-07-13T08:03:49 IST" duration-ms="6805" status="PASS">
          <reporter-output>
          </reporter-output>
        </test-method> <!-- CheckTicketBookedOrNot -->
        <test-method is-config="true" signature="teardown()[pri:0, instance:Tests.BookTicket@202b0582]" started-at="2023-07-13T08:03:49 IST" name="teardown" finished-at="2023-07-13T08:03:50 IST" duration-ms="412" status="PASS">
          <reporter-output>
          </reporter-output>
        </test-method> <!-- teardown -->
      </class> <!-- Tests.BookTicket -->
    </test> <!-- Test -->
  </suite> <!-- Suite -->
</testng-results>
